<?xml version="1.0" encoding="UTF-8"?>
<testsuite xmlns:xsi="http://www.w3.org/2001/XMLSchema-instance" xsi:noNamespaceSchemaLocation="https://maven.apache.org/surefire/maven-surefire-plugin/xsd/surefire-test-report-3.0.xsd" version="3.0" name="com.example.RegexTest" time="0.025" tests="8" errors="0" skipped="0" failures="0">
  <properties>
    <property name="java.specification.version" value="19"/>
    <property name="sun.jnu.encoding" value="UTF-8"/>
    <property name="java.class.path" value="/home/sophiecc/duality/java_test_pack/target/test-classes:/home/sophiecc/duality/java_test_pack/target/classes:/home/sophiecc/.m2/repository/junit/junit/4.12/junit-4.12.jar:/home/sophiecc/.m2/repository/org/hamcrest/hamcrest-core/1.3/hamcrest-core-1.3.jar:"/>
    <property name="java.vm.vendor" value="Oracle Corporation"/>
    <property name="sun.arch.data.model" value="64"/>
    <property name="java.vendor.url" value="https://java.oracle.com/"/>
    <property name="os.name" value="Linux"/>
    <property name="java.vm.specification.version" value="19"/>
    <property name="sun.java.launcher" value="SUN_STANDARD"/>
    <property name="sun.boot.library.path" value="/home/sophiecc/duality/regex-general-aiden/jdk-19.0.2/lib"/>
    <property name="sun.java.command" value="/home/sophiecc/duality/java_test_pack/target/surefire/surefirebooter2794325268692310512.jar /home/sophiecc/duality/java_test_pack/target/surefire 2023-07-17T12-01-01_619-jvmRun1 surefire9831057673925935096tmp surefire_01774935920401284331tmp"/>
    <property name="jdk.debug" value="release"/>
    <property name="surefire.test.class.path" value="/home/sophiecc/duality/java_test_pack/target/test-classes:/home/sophiecc/duality/java_test_pack/target/classes:/home/sophiecc/.m2/repository/junit/junit/4.12/junit-4.12.jar:/home/sophiecc/.m2/repository/org/hamcrest/hamcrest-core/1.3/hamcrest-core-1.3.jar:"/>
    <property name="sun.cpu.endian" value="little"/>
    <property name="user.home" value="/home/sophiecc"/>
    <property name="user.language" value="en"/>
    <property name="java.specification.vendor" value="Oracle Corporation"/>
    <property name="java.version.date" value="2023-01-17"/>
    <property name="java.home" value="/home/sophiecc/duality/regex-general-aiden/jdk-19.0.2"/>
    <property name="file.separator" value="/"/>
    <property name="basedir" value="/home/sophiecc/duality/java_test_pack"/>
    <property name="java.vm.compressedOopsMode" value="32-bit"/>
    <property name="line.separator" value="&#10;"/>
    <property name="java.vm.specification.vendor" value="Oracle Corporation"/>
    <property name="java.specification.name" value="Java Platform API Specification"/>
    <property name="surefire.real.class.path" value="/home/sophiecc/duality/java_test_pack/target/surefire/surefirebooter2794325268692310512.jar"/>
    <property name="sun.management.compiler" value="HotSpot 64-Bit Tiered Compilers"/>
    <property name="java.runtime.version" value="19.0.2+7-44"/>
    <property name="user.name" value="sophiecc"/>
    <property name="stdout.encoding" value="UTF-8"/>
    <property name="path.separator" value=":"/>
    <property name="os.version" value="5.10.16.3-microsoft-standard-WSL2"/>
    <property name="java.runtime.name" value="OpenJDK Runtime Environment"/>
    <property name="file.encoding" value="UTF-8"/>
    <property name="java.vm.name" value="OpenJDK 64-Bit Server VM"/>
    <property name="localRepository" value="/home/sophiecc/.m2/repository"/>
    <property name="java.vendor.url.bug" value="https://bugreport.java.com/bugreport/"/>
    <property name="java.io.tmpdir" value="/tmp"/>
    <property name="java.version" value="19.0.2"/>
    <property name="user.dir" value="/home/sophiecc/duality/java_test_pack"/>
    <property name="os.arch" value="amd64"/>
    <property name="java.vm.specification.name" value="Java Virtual Machine Specification"/>
    <property name="native.encoding" value="UTF-8"/>
    <property name="java.library.path" value="/usr/java/packages/lib:/usr/lib64:/lib64:/lib:/usr/lib"/>
    <property name="stderr.encoding" value="UTF-8"/>
    <property name="java.vm.info" value="mixed mode, sharing"/>
    <property name="java.vendor" value="Oracle Corporation"/>
    <property name="java.vm.version" value="19.0.2+7-44"/>
    <property name="sun.io.unicode.encoding" value="UnicodeLittle"/>
    <property name="java.class.version" value="63.0"/>
  </properties>
  <testcase name="testOne" classname="com.example.RegexTest" time="0.002"/>
  <testcase name="testSix" classname="com.example.RegexTest" time="0"/>
  <testcase name="testTwo" classname="com.example.RegexTest" time="0"/>
  <testcase name="testEight" classname="com.example.RegexTest" time="0"/>
  <testcase name="testSeven" classname="com.example.RegexTest" time="0"/>
  <testcase name="testThree" classname="com.example.RegexTest" time="0"/>
  <testcase name="testFive" classname="com.example.RegexTest" time="0"/>
  <testcase name="testFour" classname="com.example.RegexTest" time="0.001"/>
</testsuite>